#
#                               =====================
#                              | SuSpect 2.41 OUTPUT |
#                               =====================
#
#
#              -----------------------------------------------------
#              |  SUSY Les Houches Accord - MSSM Spectrum          |
#              |                                                   |
#              |                     SuSpect 2.41                  |
#              |                                                   |
#              |  Authors: A.Djouadi, J.-L. Kneur and G. Moultaka  |
#              |  Ref.:    hep-ph/0211331                          |
#              |                                                   |
#              -----------------------------------------------------
#
#
BLOCK SPINFO  # Spectrum Program information
     1   SuSpect     # RGE +Spectrum calculator
     2   2.41         # version number
# nothing to signal: output a priori reliable
#
BLOCK MODSEL  # Model selection
     1     1   #SUGRA                                             
#
BLOCK MINPAR  # Input parameters
         1     1.00000000E+02   #  m0                 
         2     2.00000000E+02   #  m_1/2              
         3     1.00000000E+01   #  tanbeta(mZ)        
         4     1.00000000E+00   #  sign(mu)           
         5     0.00000000E+00   #  A0                 
#
BLOCK EXTPAR  # Input parameters
         0     3.92457239E+02   # EWSB scale          
#
BLOCK SMINPUTS  # Standard Model inputs
         1     1.27908953E+02   # alpha_em^-1(M_Z)^MSbar
         2     1.16637000E-05   # G_F [GeV^-2]
         3     1.17200000E-01   # alpha_S(M_Z)^MSbar
         4     9.11870000E+01   # M_Z pole mass
         5     4.23000000E+00   # mb(mb)^MSbar
         6     1.71400000E+02   # mt pole mass
         7     1.77700000E+00   # mtau pole mass
#
BLOCK MASS  # Mass Spectrum
# PDG code           mass       particle
        24     8.04818988E+01   # W+
        25     1.06964594E+02   # h
        35     3.10560601E+02   # H
        36     3.09973989E+02   # A
        37     3.20592754E+02   # H+
         5     4.85704173E+00   # b pole mass calculated from mb(mb)_MSbar
   1000001     4.67885280E+02   # ~d_L
   2000001     4.49591592E+02   # ~d_R
   1000002     4.61157269E+02   # ~u_L
   2000002     4.49012977E+02   # ~u_R
   1000003     4.67885280E+02   # ~s_L
   2000003     4.49591592E+02   # ~s_R
   1000004     4.61157269E+02   # ~c_L
   2000004     4.49012977E+02   # ~c_R
   1000005     4.27393691E+02   # ~b_1
   2000005     4.51531766E+02   # ~b_2
   1000006     3.33869387E+02   # ~t_1
   2000006     5.00338579E+02   # ~t_2
   1000011     1.73974695E+02   # ~e_L
   2000011     1.31658769E+02   # ~e_R
   1000012     1.55215379E+02   # ~nu_eL
   1000013     1.73974695E+02   # ~mu_L
   2000013     1.31658769E+02   # ~mu_R
   1000014     1.55215379E+02   # ~nu_muL
   1000015     1.23642324E+02   # ~tau_1
   2000015     1.78174912E+02   # ~tau_2
   1000016     1.54603925E+02   # ~nu_tauL
   1000021     4.95396616E+02   # ~g
   1000022     7.50321154E+01   # ~chi_10
   1000023     1.36494460E+02   # ~chi_20
   1000025    -2.79293224E+02   # ~chi_30
   1000035     3.03327959E+02   # ~chi_40
   1000024     1.35196326E+02   # ~chi_1+
   1000037     3.03715166E+02   # ~chi_2+
#
BLOCK SU_LOWPAR  # Values constrained by exp data 
         1     1.35716719E-04   # Delta rho parameter
         2     3.97785214E-09   # g_mu -2
         3     2.37102223E-04   # Br(b -> s gamma)
#
BLOCK SU_FINETUNE  # Fine-tuning info: fine-tuned if >>1
         1     1.84778369E+01   # delta mZ^2/mZ^2 (mu^2)
         2     5.03486894E-01   # delta mZ^2/mZ^2 (B.mu)
         3     9.25442112E+00   # delta mt/mt (mu^2)
         4     2.41642437E-01   # delta mt/mt  (B.mu)
#
BLOCK NMIX  # Neutralino Mixing Matrix
  1  1     9.70989820E-01   # N_11
  1  2    -9.45246786E-02   # N_12
  1  3     2.06092846E-01   # N_13
  1  4    -7.59578358E-02   # N_14
  2  1     1.73825076E-01   # N_21
  2  2     9.06991804E-01   # N_22
  2  3    -3.32404367E-01   # N_23
  2  4     1.91462915E-01   # N_24
  3  1     7.87802394E-02   # N_31
  3  2    -1.16539679E-01   # N_32
  3  3    -6.87272577E-01   # N_33
  3  4    -7.12648990E-01   # N_34
  4  1     1.44073889E-01   # N_41
  4  2    -3.93509157E-01   # N_42
  4  3    -6.12118846E-01   # N_43
  4  4     6.70599565E-01   # N_44
#
BLOCK UMIX  # Chargino Mixing Matrix U
  1  1    -8.65326029E-01   # U_11
  1  2     5.01209401E-01   # U_12
  2  1     5.01209401E-01   # U_21
  2  2     8.65326029E-01   # U_22
#
BLOCK VMIX  # Chargino Mixing Matrix V
  1  1    -9.56960071E-01   # V_11
  1  2     2.90219612E-01   # V_12
  2  1     2.90219612E-01   # V_21
  2  2     9.56960071E-01   # V_22
#
BLOCK STOPMIX  # Stop Mixing Matrix
  1  1     5.79640967E-01   # cos(theta_t)
  1  2     8.14871983E-01   # sin(theta_t)
  2  1    -8.14871983E-01   # -sin(theta_t)
  2  2     5.79640967E-01   # cos(theta_t)
#
BLOCK SBOTMIX  # Sbottom Mixing Matrix
  1  1     9.04943101E-01   # cos(theta_b)
  1  2     4.25532589E-01   # sin(theta_b)
  2  1    -4.25532589E-01   # -sin(theta_b)
  2  2     9.04943101E-01   # cos(theta_b)
#
BLOCK STAUMIX  # Stau Mixing Matrix
  1  1     3.18091637E-01   # cos(theta_tau)
  1  2     9.48059972E-01   # sin(theta_tau)
  2  1    -9.48059972E-01   # -sin(theta_tau)
  2  2     3.18091637E-01   # cos(theta_tau)
#
BLOCK ALPHA  # Higgs mixing
          -1.22050204E-01   # Mixing angle in the neutral Higgs boson sector
#
BLOCK HMIX Q=  3.92457239E+02  # DRbar Higgs Parameters
     1     2.71211145E+02   # mu(Q)
     2     9.77590266E+00   # tanbeta(Q)
     3     2.45236509E+02   # vev(Q)
     4     1.00851411E+05   # MA^2(Q)
#
BLOCK GAUGE Q=  3.92457239E+02  # The gauge couplings
     1     3.60671272E-01   # gprime(Q) DRbar
     2     6.47625268E-01   # g(Q) DRbar
     3     1.10757691E+00   # g_3(Q) DRbar
#
BLOCK Au Q=  3.92457239E+02  # The trilinear couplings
  1  1    -5.06278697E+02   # A_u(Q) DRbar
  2  2    -5.06278697E+02   # A_c(Q) DRbar
  3  3    -3.88712243E+02   # A_t(Q) DRbar
#
BLOCK Ad Q=  3.92457239E+02  # The trilinear couplings
  1  1    -6.23133671E+02   # A_d(Q) DRbar
  2  2    -6.23133671E+02   # A_s(Q) DRbar
  3  3    -5.81716042E+02   # A_b(Q) DRbar
#
BLOCK Ae Q=  3.92457239E+02  # The trilinear couplings
  1  1    -1.24704671E+02   # A_e(Q) DRbar
  2  2    -1.24704671E+02   # A_mu(Q) DRbar
  3  3    -1.23989370E+02   # A_tau(Q) DRbar
#
BLOCK Yu Q=  3.92457239E+02  # The Yukawa couplings
  3  3     8.80656528E-01   # y_top(Q) DRbar
#
BLOCK Yd Q=  3.92457239E+02  # The Yukawa couplings
  3  3     1.40534657E-01   # y_b(Q) DRbar
#
BLOCK Ye Q=  3.92457239E+02  # The Yukawa couplings
  3  3     1.01348278E-01   # y_tau(Q) DRbar
#
BLOCK MSOFT Q=  3.92457239E+02  # soft SUSY breaking masses at the scale Q
         1     8.03167825E+01   # M_1
         2     1.52358325E+02   # M_2
         3     4.76174952E+02   # M_3
        21     2.46452697E+04   # M^2_Hd
        22    -7.59038435E+04   # M^2_Hu
        31     1.67741347E+02   # M_eL
        32     1.67741347E+02   # M_muL
        33     1.67175714E+02   # M_tauL
        34     1.24172141E+02   # M_eR
        35     1.24172141E+02   # M_muR
        36     1.22614280E+02   # M_tauR
        41     4.47772195E+02   # M_q1L
        42     4.47772195E+02   # M_q2L
        43     4.10620860E+02   # M_q3L
        44     4.33725236E+02   # M_uR
        45     4.33725236E+02   # M_cR
        46     3.53491615E+02   # M_tR
        47     4.32103881E+02   # M_dR
        48     4.32103881E+02   # M_sR
        49     4.29719013E+02   # M_bR
