#
#                               =====================
#                              | SuSpect 2.41 OUTPUT |
#                               =====================
#
#
#              -----------------------------------------------------
#              |  SUSY Les Houches Accord - MSSM Spectrum          |
#              |                                                   |
#              |                     SuSpect 2.41                  |
#              |                                                   |
#              |  Authors: A.Djouadi, J.-L. Kneur and G. Moultaka  |
#              |  Ref.:    hep-ph/0211331                          |
#              |                                                   |
#              -----------------------------------------------------
#
#
BLOCK SPINFO  # Spectrum Program information
     1   SuSpect     # RGE +Spectrum calculator
     2   2.41         # version number
# nothing to signal: output a priori reliable
#
BLOCK MODSEL  # Model selection
     1     1   #SUGRA                                             
#
BLOCK MINPAR  # Input parameters
         1     2.50000000E+02   #  m0                 
         2     1.00000000E+02   #  m_1/2              
         3     1.00000000E+01   #  tanbeta(mZ)        
         4     1.00000000E+00   #  sign(mu)           
         5     1.00000000E+02   #  A0                 
#
BLOCK EXTPAR  # Input parameters
         0     2.90906990E+02   # EWSB scale          
#
BLOCK SMINPUTS  # Standard Model inputs
         1     1.27908953E+02   # alpha_em^-1(M_Z)^MSbar
         2     1.16637000E-05   # G_F [GeV^-2]
         3     1.17200000E-01   # alpha_S(M_Z)^MSbar
         4     9.11870000E+01   # M_Z pole mass
         5     4.23000000E+00   # mb(mb)^MSbar
         6     1.71400000E+02   # mt pole mass
         7     1.77700000E+00   # mtau pole mass
#
BLOCK MASS  # Mass Spectrum
# PDG code           mass       particle
        24     8.05944562E+01   # W+
        25     1.01001602E+02   # h
        35     2.78089850E+02   # H
        36     2.77545873E+02   # A
        37     2.89200323E+02   # H+
         5     4.85704173E+00   # b pole mass calculated from mb(mb)_MSbar
   1000001     3.46776946E+02   # ~d_L
   2000001     3.38583351E+02   # ~d_R
   1000002     3.37679461E+02   # ~u_L
   2000002     3.36178599E+02   # ~u_R
   1000003     3.46776946E+02   # ~s_L
   2000003     3.38583351E+02   # ~s_R
   1000004     3.37679461E+02   # ~c_L
   2000004     3.36178599E+02   # ~c_R
   1000005     3.03196348E+02   # ~b_1
   2000005     3.37379230E+02   # ~b_2
   1000006     2.52406587E+02   # ~t_1
   2000006     3.62883624E+02   # ~t_2
   1000011     2.61883868E+02   # ~e_L
   2000011     2.55895970E+02   # ~e_R
   1000012     2.49633747E+02   # ~nu_eL
   1000013     2.61883868E+02   # ~mu_L
   2000013     2.55895970E+02   # ~mu_R
   1000014     2.49633747E+02   # ~nu_muL
   1000015     2.51550954E+02   # ~tau_1
   2000015     2.62749513E+02   # ~tau_2
   1000016     2.48462360E+02   # ~nu_tauL
   1000021     2.81034474E+02   # ~g
   1000022     2.74711130E+01   # ~chi_10
   1000023     5.52672922E+01   # ~chi_20
   1000025    -1.47694803E+02   # ~chi_30
   1000035     1.80958338E+02   # ~chi_40
   1000024     4.82285454E+01   # ~chi_1+
   1000037     1.83206521E+02   # ~chi_2+
#
BLOCK SU_LOWPAR  # Values constrained by exp data 
         1     3.74837411E-04   # Delta rho parameter
         2     3.52347892E-09   # g_mu -2
         3     1.89308028E-04   # Br(b -> s gamma)
#
BLOCK SU_FINETUNE  # Fine-tuning info: fine-tuned if >>1
         1     4.27424090E+00   # delta mZ^2/mZ^2 (mu^2)
         2     4.17727875E-01   # delta mZ^2/mZ^2 (B.mu)
         3     2.14155373E+00   # delta mt/mt (mu^2)
         4     1.98762927E-01   # delta mt/mt  (B.mu)
#
BLOCK NMIX  # Neutralino Mixing Matrix
  1  1     7.94896634E-01   # N_11
  1  2    -3.19854837E-01   # N_12
  1  3     4.93100120E-01   # N_13
  1  4    -1.50613729E-01   # N_14
  2  1     5.45380824E-01   # N_21
  2  2     7.44956281E-01   # N_22
  2  3    -3.43229086E-01   # N_23
  2  4     1.72608490E-01   # N_24
  3  1     1.56296927E-01   # N_31
  3  2    -2.34428647E-01   # N_32
  3  3    -6.26096729E-01   # N_33
  3  4    -7.27060772E-01   # N_34
  4  1     2.15105481E-01   # N_41
  4  2    -5.36447790E-01   # N_42
  4  3    -4.97040192E-01   # N_43
  4  4     6.47228281E-01   # N_44
#
BLOCK UMIX  # Chargino Mixing Matrix U
  1  1    -6.90721886E-01   # U_11
  1  2     7.23120513E-01   # U_12
  2  1     7.23120513E-01   # U_21
  2  2     6.90721886E-01   # U_22
#
BLOCK VMIX  # Chargino Mixing Matrix V
  1  1    -9.37163885E-01   # V_11
  1  2     3.48889455E-01   # V_12
  2  1     3.48889455E-01   # V_21
  2  2     9.37163885E-01   # V_22
#
BLOCK STOPMIX  # Stop Mixing Matrix
  1  1     5.31146595E-01   # cos(theta_t)
  1  2     8.47279938E-01   # sin(theta_t)
  2  1    -8.47279938E-01   # -sin(theta_t)
  2  2     5.31146595E-01   # cos(theta_t)
#
BLOCK SBOTMIX  # Sbottom Mixing Matrix
  1  1     9.84061888E-01   # cos(theta_b)
  1  2     1.77826321E-01   # sin(theta_b)
  2  1    -1.77826321E-01   # -sin(theta_b)
  2  2     9.84061888E-01   # cos(theta_b)
#
BLOCK STAUMIX  # Stau Mixing Matrix
  1  1     4.23806178E-01   # cos(theta_tau)
  1  2     9.05752904E-01   # sin(theta_tau)
  2  1    -9.05752904E-01   # -sin(theta_tau)
  2  2     4.23806178E-01   # cos(theta_tau)
#
BLOCK ALPHA  # Higgs mixing
          -1.27958852E-01   # Mixing angle in the neutral Higgs boson sector
#
BLOCK HMIX Q=  2.90906990E+02  # DRbar Higgs Parameters
     1     1.30389083E+02   # mu(Q)
     2     9.81411334E+00   # tanbeta(Q)
     3     2.45433270E+02   # vev(Q)
     4     7.87069762E+04   # MA^2(Q)
#
BLOCK GAUGE Q=  2.90906990E+02  # The gauge couplings
     1     3.59512484E-01   # gprime(Q) DRbar
     2     6.51787622E-01   # g(Q) DRbar
     3     1.13299289E+00   # g_3(Q) DRbar
#
BLOCK Au Q=  2.90906990E+02  # The trilinear couplings
  1  1    -2.02429988E+02   # A_u(Q) DRbar
  2  2    -2.02429988E+02   # A_c(Q) DRbar
  3  3    -1.71735086E+02   # A_t(Q) DRbar
#
BLOCK Ad Q=  2.90906990E+02  # The trilinear couplings
  1  1    -2.33254395E+02   # A_d(Q) DRbar
  2  2    -2.33254395E+02   # A_s(Q) DRbar
  3  3    -2.22485408E+02   # A_b(Q) DRbar
#
BLOCK Ae Q=  2.90906990E+02  # The trilinear couplings
  1  1     3.45013061E+01   # A_e(Q) DRbar
  2  2     3.45013061E+01   # A_mu(Q) DRbar
  3  3     3.39837725E+01   # A_tau(Q) DRbar
#
BLOCK Yu Q=  2.90906990E+02  # The Yukawa couplings
  3  3     9.00646810E-01   # y_top(Q) DRbar
#
BLOCK Yd Q=  2.90906990E+02  # The Yukawa couplings
  3  3     1.46312739E-01   # y_b(Q) DRbar
#
BLOCK Ye Q=  2.90906990E+02  # The Yukawa couplings
  3  3     1.00886304E-01   # y_tau(Q) DRbar
#
BLOCK MSOFT Q=  2.90906990E+02  # soft SUSY breaking masses at the scale Q
         1     3.87762001E+01   # M_1
         2     7.48303249E+01   # M_2
         3     2.47751175E+02   # M_3
        21     6.34466100E+04   # M^2_Hd
        22    -1.99759534E+04   # M^2_Hu
        31     2.57688358E+02   # M_eL
        32     2.57688358E+02   # M_muL
        33     2.56553750E+02   # M_tauL
        34     2.52143483E+02   # M_eR
        35     2.52143483E+02   # M_muR
        36     2.49805486E+02   # M_tauR
        41     3.33316617E+02   # M_q1L
        42     3.33316617E+02   # M_q2L
        43     2.88490653E+02   # M_q3L
        44     3.29449691E+02   # M_uR
        45     3.29449691E+02   # M_cR
        46     2.31252774E+02   # M_tR
        47     3.29035889E+02   # M_dR
        48     3.29035889E+02   # M_sR
        49     3.26710694E+02   # M_bR
