 Parameter aewm1                has been read with value 1.27908953E+02      
 Parameter as                   has been read with value 1.17200000E-01      
 Parameter mw                   has been read with value 8.04732196E+01      
 Parameter mh01                 has been read with value 1.09525764E+02      
 Parameter mh02                 has been read with value 3.92869646E+02      
 Parameter ma0                  has been read with value 3.92447643E+02      
 Parameter mh                   has been read with value 4.00924293E+02      
 Parameter mb                   has been read with value 4.85704173E+00      
 Parameter msd1                 has been read with value 5.67276742E+02      
 Parameter msd4                 has been read with value 5.45134400E+02      
 Parameter msu1                 has been read with value 5.61765911E+02      
 Parameter msu4                 has been read with value 5.45404232E+02      
 Parameter msd3                 has been read with value 5.16879490E+02      
 Parameter msd6                 has been read with value 5.45770629E+02      
 Parameter msu3                 has been read with value 3.99544840E+02      
 Parameter msu6                 has been read with value 5.86403900E+02      
 Parameter msl1                 has been read with value 2.00699046E+02      
 Parameter msl4                 has been read with value 1.42811306E+02      
 Parameter msn1                 has been read with value 1.84770031E+02      
 Parameter msl3                 has been read with value 1.33407120E+02      
 Parameter msl6                 has been read with value 2.04675661E+02      
 Parameter msn3                 has been read with value 1.83882681E+02      
 Parameter mgo                  has been read with value 6.05635909E+02      
 Parameter mneu1                has been read with value 9.72255999E+01      
 Parameter mneu2                has been read with value 1.80107502E+02      
 Parameter mneu3                has been read with value -3.56188328E+02     
 Parameter mneu4                has been read with value 3.75783157E+02      
 Parameter mch1                 has been read with value 1.79463488E+02      
 Parameter mch2                 has been read with value 3.75968984E+02      
 Parameter rnn1x1               has been read with value 9.85047389E-01      
 Parameter rnn1x2               has been read with value -5.71490444E-02     
 Parameter rnn1x3               has been read with value 1.52435894E-01      
 Parameter rnn1x4               has been read with value -5.63819688E-02     
 Parameter rnn2x1               has been read with value 1.07774971E-01      
 Parameter rnn2x2               has been read with value 9.38402071E-01      
 Parameter rnn2x3               has been read with value -2.83212237E-01     
 Parameter rnn2x4               has been read with value 1.66063052E-01      
 Parameter rnn3x1               has been read with value 6.16062286E-02      
 Parameter rnn3x2               has been read with value -9.11127827E-02     
 Parameter rnn3x3               has been read with value -6.95053946E-01     
 Parameter rnn3x4               has been read with value -7.10495000E-01     
 Parameter rnn4x1               has been read with value 1.19460746E-01      
 Parameter rnn4x2               has been read with value -3.28380877E-01     
 Parameter rnn4x3               has been read with value -6.43003996E-01     
 Parameter rnn4x4               has been read with value 6.81499076E-01      
 Parameter ruu1x1               has been read with value -9.09757788E-01     
 Parameter ruu1x2               has been read with value 4.15139455E-01      
 Parameter ruu2x1               has been read with value 4.15139455E-01      
 Parameter ruu2x2               has been read with value 9.09757788E-01      
 Parameter rvv1x1               has been read with value -9.69625659E-01     
 Parameter rvv1x2               has been read with value 2.44593709E-01      
 Parameter rvv2x1               has been read with value 2.44593709E-01      
 Parameter rvv2x2               has been read with value 9.69625659E-01      
 Parameter rmuh                 has been read with value 3.49826095E+02      
 Parameter tb                   has been read with value 9.75383681E+00      
 Parameter ma2                  has been read with value 1.60716763E+05      
 Parameter ryu3x3               has been read with value 8.72578993E-01      
 Parameter ryd3x3               has been read with value 1.38775788E-01      
 Parameter rye3x3               has been read with value 1.01159570E-01      
 Parameter rmx1                 has been read with value 1.01562275E+02      
 Parameter rmx2                 has been read with value 1.91600778E+02      
 Parameter rmx3                 has been read with value 5.85923676E+02      
 Parameter mhd2                 has been read with value 3.23568230E+04      
 Parameter mhu2                 has been read with value -1.23390669E+05     
