#
#                               =====================
#                              | SuSpect 2.41 OUTPUT |
#                               =====================
#
#
#              -----------------------------------------------------
#              |  SUSY Les Houches Accord - MSSM Spectrum          |
#              |                                                   |
#              |                     SuSpect 2.41                  |
#              |                                                   |
#              |  Authors: A.Djouadi, J.-L. Kneur and G. Moultaka  |
#              |  Ref.:    hep-ph/0211331                          |
#              |                                                   |
#              -----------------------------------------------------
#
#
BLOCK SPINFO  # Spectrum Program information
     1   SuSpect     # RGE +Spectrum calculator
     2   2.41         # version number
# nothing to signal: output a priori reliable
#
BLOCK MODSEL  # Model selection
     1     1   #SUGRA                                             
#
BLOCK MINPAR  # Input parameters
         1     1.00000000E+02   #  m0                 
         2     2.50000000E+02   #  m_1/2              
         3     1.00000000E+01   #  tanbeta(mZ)        
         4     1.00000000E+00   #  sign(mu)           
         5    -1.00000000E+02   #  A0                 
#
BLOCK EXTPAR  # Input parameters
         0     4.65776375E+02   # EWSB scale          
#
BLOCK SMINPUTS  # Standard Model inputs
         1     1.27908953E+02   # alpha_em^-1(M_Z)^MSbar
         2     1.16637000E-05   # G_F [GeV^-2]
         3     1.17200000E-01   # alpha_S(M_Z)^MSbar
         4     9.11870000E+01   # M_Z pole mass
         5     4.23000000E+00   # mb(mb)^MSbar
         6     1.71400000E+02   # mt pole mass
         7     1.77700000E+00   # mtau pole mass
#
BLOCK MASS  # Mass Spectrum
# PDG code           mass       particle
        24     8.04732196E+01   # W+
        25     1.09525764E+02   # h
        35     3.92869646E+02   # H
        36     3.92447643E+02   # A
        37     4.00924293E+02   # H+
         5     4.85704173E+00   # b pole mass calculated from mb(mb)_MSbar
   1000001     5.67276742E+02   # ~d_L
   2000001     5.45134400E+02   # ~d_R
   1000002     5.61765911E+02   # ~u_L
   2000002     5.45404232E+02   # ~u_R
   1000003     5.67276742E+02   # ~s_L
   2000003     5.45134400E+02   # ~s_R
   1000004     5.61765911E+02   # ~c_L
   2000004     5.45404232E+02   # ~c_R
   1000005     5.16879490E+02   # ~b_1
   2000005     5.45770629E+02   # ~b_2
   1000006     3.99544840E+02   # ~t_1
   2000006     5.86403900E+02   # ~t_2
   1000011     2.00699046E+02   # ~e_L
   2000011     1.42811306E+02   # ~e_R
   1000012     1.84770031E+02   # ~nu_eL
   1000013     2.00699046E+02   # ~mu_L
   2000013     1.42811306E+02   # ~mu_R
   1000014     1.84770031E+02   # ~nu_muL
   1000015     1.33407120E+02   # ~tau_1
   2000015     2.04675661E+02   # ~tau_2
   1000016     1.83882681E+02   # ~nu_tauL
   1000021     6.05635909E+02   # ~g
   1000022     9.72255999E+01   # ~chi_10
   1000023     1.80107502E+02   # ~chi_20
   1000025    -3.56188328E+02   # ~chi_30
   1000035     3.75783157E+02   # ~chi_40
   1000024     1.79463488E+02   # ~chi_1+
   1000037     3.75968984E+02   # ~chi_2+
#
BLOCK SU_LOWPAR  # Values constrained by exp data 
         1     7.92608644E-05   # Delta rho parameter
         2     2.78182451E-09   # g_mu -2
         3     2.61206113E-04   # Br(b -> s gamma)
#
BLOCK SU_FINETUNE  # Fine-tuning info: fine-tuned if >>1
         1     3.07029614E+01   # delta mZ^2/mZ^2 (mu^2)
         2     7.79885753E-01   # delta mZ^2/mZ^2 (B.mu)
         3     1.53675635E+01   # delta mt/mt (mu^2)
         4     3.79841866E-01   # delta mt/mt  (B.mu)
#
BLOCK NMIX  # Neutralino Mixing Matrix
  1  1     9.85047389E-01   # N_11
  1  2    -5.71490444E-02   # N_12
  1  3     1.52435894E-01   # N_13
  1  4    -5.63819688E-02   # N_14
  2  1     1.07774971E-01   # N_21
  2  2     9.38402071E-01   # N_22
  2  3    -2.83212237E-01   # N_23
  2  4     1.66063052E-01   # N_24
  3  1     6.16062286E-02   # N_31
  3  2    -9.11127827E-02   # N_32
  3  3    -6.95053946E-01   # N_33
  3  4    -7.10495000E-01   # N_34
  4  1     1.19460746E-01   # N_41
  4  2    -3.28380877E-01   # N_42
  4  3    -6.43003996E-01   # N_43
  4  4     6.81499076E-01   # N_44
#
BLOCK UMIX  # Chargino Mixing Matrix U
  1  1    -9.09757788E-01   # U_11
  1  2     4.15139455E-01   # U_12
  2  1     4.15139455E-01   # U_21
  2  2     9.09757788E-01   # U_22
#
BLOCK VMIX  # Chargino Mixing Matrix V
  1  1    -9.69625659E-01   # V_11
  1  2     2.44593709E-01   # V_12
  2  1     2.44593709E-01   # V_21
  2  2     9.69625659E-01   # V_22
#
BLOCK STOPMIX  # Stop Mixing Matrix
  1  1     5.54219065E-01   # cos(theta_t)
  1  2     8.32370848E-01   # sin(theta_t)
  2  1    -8.32370848E-01   # -sin(theta_t)
  2  2     5.54219065E-01   # cos(theta_t)
#
BLOCK SBOTMIX  # Sbottom Mixing Matrix
  1  1     9.29406723E-01   # cos(theta_b)
  1  2     3.69057100E-01   # sin(theta_b)
  2  1    -3.69057100E-01   # -sin(theta_b)
  2  2     9.29406723E-01   # cos(theta_b)
#
BLOCK STAUMIX  # Stau Mixing Matrix
  1  1     2.83456392E-01   # cos(theta_tau)
  1  2     9.58985127E-01   # sin(theta_tau)
  2  1    -9.58985127E-01   # -sin(theta_tau)
  2  2     2.83456392E-01   # cos(theta_tau)
#
BLOCK ALPHA  # Higgs mixing
          -1.14316008E-01   # Mixing angle in the neutral Higgs boson sector
#
BLOCK HMIX Q=  4.65776375E+02  # DRbar Higgs Parameters
     1     3.49826095E+02   # mu(Q)
     2     9.75383681E+00   # tanbeta(Q)
     3     2.45055374E+02   # vev(Q)
     4     1.60716763E+05   # MA^2(Q)
#
BLOCK GAUGE Q=  4.65776375E+02  # The gauge couplings
     1     3.61048472E-01   # gprime(Q) DRbar
     2     6.46284059E-01   # g(Q) DRbar
     3     1.09637950E+00   # g_3(Q) DRbar
#
BLOCK Au Q=  4.65776375E+02  # The trilinear couplings
  1  1    -6.85356795E+02   # A_u(Q) DRbar
  2  2    -6.85356795E+02   # A_c(Q) DRbar
  3  3    -5.10985081E+02   # A_t(Q) DRbar
#
BLOCK Ad Q=  4.65776375E+02  # The trilinear couplings
  1  1    -8.58320635E+02   # A_d(Q) DRbar
  2  2    -8.58320635E+02   # A_s(Q) DRbar
  3  3    -7.96850643E+02   # A_b(Q) DRbar
#
BLOCK Ae Q=  4.65776375E+02  # The trilinear couplings
  1  1    -2.53186553E+02   # A_e(Q) DRbar
  2  2    -2.53186553E+02   # A_mu(Q) DRbar
  3  3    -2.51432551E+02   # A_tau(Q) DRbar
#
BLOCK Yu Q=  4.65776375E+02  # The Yukawa couplings
  3  3     8.72578993E-01   # y_top(Q) DRbar
#
BLOCK Yd Q=  4.65776375E+02  # The Yukawa couplings
  3  3     1.38775788E-01   # y_b(Q) DRbar
#
BLOCK Ye Q=  4.65776375E+02  # The Yukawa couplings
  3  3     1.01159570E-01   # y_tau(Q) DRbar
#
BLOCK MSOFT Q=  4.65776375E+02  # soft SUSY breaking masses at the scale Q
         1     1.01562275E+02   # M_1
         2     1.91600778E+02   # M_2
         3     5.85923676E+02   # M_3
        21     3.23568230E+04   # M^2_Hd
        22    -1.23390669E+05   # M^2_Hu
        31     1.95366793E+02   # M_eL
        32     1.95366793E+02   # M_muL
        33     1.94527787E+02   # M_tauL
        34     1.35936651E+02   # M_eR
        35     1.35936651E+02   # M_muR
        36     1.33468777E+02   # M_tauR
        41     5.45203771E+02   # M_q1L
        42     5.45203771E+02   # M_q2L
        43     4.97658442E+02   # M_q3L
        44     5.27199585E+02   # M_uR
        45     5.27199585E+02   # M_cR
        46     4.24106776E+02   # M_tR
        47     5.25103703E+02   # M_dR
        48     5.25103703E+02   # M_sR
        49     5.21834994E+02   # M_bR
